<?xml version="1.0" encoding="UTF-8"?>
<robot generator="Robot 4.1.2 (Python 3.7.7 on win32)" generated="20211128 10:05:25.787" rpa="false" schemaversion="2">
<suite id="s1" name="Robot1" source="D:\eclipse-work\Robot1">
<suite id="s1-s1" name="Test" source="D:\eclipse-work\Robot1\test">
<suite id="s1-s1-s1" name="TestSuite1" source="D:\eclipse-work\Robot1\test\TestSuite1.robot">
<test id="s1-s1-s1-t1" name="MyFirstTest">
<kw name="Log" library="BuiltIn">
<arg>Heloo world</arg>
<doc>Logs the given message with the given level.</doc>
<msg timestamp="20211128 10:05:26.748" level="INFO">Heloo world</msg>
<status status="PASS" starttime="20211128 10:05:26.747" endtime="20211128 10:05:26.748"/>
</kw>
<status status="PASS" starttime="20211128 10:05:26.745" endtime="20211128 10:05:26.749"/>
</test>
<test id="s1-s1-s1-t2" name="SimpleLoginTest">
<kw name="Open Browser" library="SeleniumLibrary">
<arg>${URL}</arg>
<arg>chrome</arg>
<doc>Opens a new browser instance to the optional ``url``.</doc>
<msg timestamp="20211128 10:05:26.753" level="INFO">Opening browser 'chrome' to base url 'https://opensource-demo.orangehrmlive.com/'.</msg>
<status status="PASS" starttime="20211128 10:05:26.752" endtime="20211128 10:05:39.565"/>
</kw>
<kw name="Set Browser Implicit Wait" library="SeleniumLibrary">
<arg>1</arg>
<doc>Sets the implicit wait value used by Selenium.</doc>
<status status="PASS" starttime="20211128 10:05:39.566" endtime="20211128 10:05:39.607"/>
</kw>
<kw name="Input Text" library="SeleniumLibrary">
<arg>name=txtUsername</arg>
<arg>${LIST}[0]</arg>
<doc>Types the given ``text`` into the text field identified by ``locator``.</doc>
<msg timestamp="20211128 10:05:39.610" level="INFO">Typing text 'Admin' into text field 'name=txtUsername'.</msg>
<status status="PASS" starttime="20211128 10:05:39.608" endtime="20211128 10:05:39.877"/>
</kw>
<kw name="Set Browser Implicit Wait" library="SeleniumLibrary">
<arg>0</arg>
<doc>Sets the implicit wait value used by Selenium.</doc>
<status status="PASS" starttime="20211128 10:05:39.878" endtime="20211128 10:05:39.882"/>
</kw>
<kw name="Input Text" library="SeleniumLibrary">
<arg>name=txtPassword</arg>
<arg>${LOGINDATA}[password]</arg>
<doc>Types the given ``text`` into the text field identified by ``locator``.</doc>
<msg timestamp="20211128 10:05:39.885" level="INFO">Typing text 'admin123' into text field 'name=txtPassword'.</msg>
<status status="PASS" starttime="20211128 10:05:39.883" endtime="20211128 10:05:40.167"/>
</kw>
<kw name="Click Button" library="SeleniumLibrary">
<arg>name=Submit</arg>
<doc>Clicks the button identified by ``locator``.</doc>
<msg timestamp="20211128 10:05:40.170" level="INFO">Clicking button 'name=Submit'.</msg>
<status status="PASS" starttime="20211128 10:05:40.168" endtime="20211128 10:05:44.784"/>
</kw>
<kw name="Log" library="BuiltIn">
<arg>test completed</arg>
<doc>Logs the given message with the given level.</doc>
<msg timestamp="20211128 10:05:44.787" level="INFO">test completed</msg>
<status status="PASS" starttime="20211128 10:05:44.785" endtime="20211128 10:05:44.787"/>
</kw>
<kw name="Log" library="BuiltIn">
<arg>this test excecuted by %{username} and SO %{os}</arg>
<doc>Logs the given message with the given level.</doc>
<msg timestamp="20211128 10:05:44.791" level="INFO">this test excecuted by islem and SO Windows_NT</msg>
<status status="PASS" starttime="20211128 10:05:44.789" endtime="20211128 10:05:44.791"/>
</kw>
<status status="PASS" starttime="20211128 10:05:26.751" endtime="20211128 10:05:44.793"/>
</test>
<status status="PASS" starttime="20211128 10:05:26.133" endtime="20211128 10:05:44.796"/>
</suite>
<status status="PASS" starttime="20211128 10:05:26.120" endtime="20211128 10:05:44.806"/>
</suite>
<status status="PASS" starttime="20211128 10:05:26.032" endtime="20211128 10:05:44.812"/>
</suite>
<statistics>
<total>
<stat pass="2" fail="0" skip="0">All Tests</stat>
</total>
<tag>
</tag>
<suite>
<stat pass="2" fail="0" skip="0" id="s1" name="Robot1">Robot1</stat>
<stat pass="2" fail="0" skip="0" id="s1-s1" name="Test">Robot1.Test</stat>
<stat pass="2" fail="0" skip="0" id="s1-s1-s1" name="TestSuite1">Robot1.Test.TestSuite1</stat>
</suite>
</statistics>
<errors>
</errors>
</robot>
